#
# There is insufficient memory for the Java Runtime Environment to continue.
# Native memory allocation (mmap) failed to map 268435456 bytes for G1 virtual space
# Possible reasons:
#   The system is out of physical RAM or swap space
#   The process is running with CompressedOops enabled, and the Java Heap may be blocking the growth of the native heap
# Possible solutions:
#   Reduce memory load on the system
#   Increase physical memory or swap space
#   Check if swap backing store is full
#   Decrease Java heap size (-Xmx/-Xms)
#   Decrease number of Java threads
#   Decrease Java thread stack sizes (-Xss)
#   Set larger code cache with -XX:ReservedCodeCacheSize=
#   JVM is running with Zero Based Compressed Oops mode in which the Java heap is
#     placed in the first 32GB address space. The Java Heap base address is the
#     maximum limit for the native heap growth. Please use -XX:HeapBaseMinAddress
#     to set the Java Heap base and to place the Java Heap above 32GB virtual address.
# This output file may be truncated or incomplete.
#
#  Out of Memory Error (os_windows.cpp:3530), pid=14612, tid=16012
#
# JRE version:  (18.0.2+9) (build )
# Java VM: OpenJDK 64-Bit Server VM (18.0.2+9-FR, mixed mode, sharing, tiered, compressed oops, compressed class ptrs, g1 gc, windows-amd64)
# No core dump will be written. Minidumps are not enabled by default on client versions of Windows
#

---------------  S U M M A R Y ------------

Command Line: -javaagent:C:\Program Files\JetBrains\IntelliJ IDEA 2023.2.5\lib\idea_rt.jar=63977:C:\Program Files\JetBrains\IntelliJ IDEA 2023.2.5\bin -Dfile.encoding=UTF-8 -Dsun.stdout.encoding=UTF-8 -Dsun.stderr.encoding=UTF-8 Main

Host: Intel(R) Core(TM) i5-9400F CPU @ 2.90GHz, 6 cores, 15G,  Windows 11 , 64 bit Build 22621 (10.0.22621.3374)
Time: Sat Jun  1 22:41:05 2024 Hora de verano romance elapsed time: 0.030099 seconds (0d 0h 0m 0s)

---------------  T H R E A D  ---------------

Current thread (0x000002a66145d320):  JavaThread "Unknown thread" [_thread_in_vm, id=16012, stack(0x000000c0ecb00000,0x000000c0ecc00000)]

Stack: [0x000000c0ecb00000,0x000000c0ecc00000]
Native frames: (J=compiled Java code, j=interpreted, Vv=VM code, C=native code)
V  [jvm.dll+0x685a2a]
V  [jvm.dll+0x82ae8d]
V  [jvm.dll+0x82c75e]
V  [jvm.dll+0x82ce03]
V  [jvm.dll+0x25ef4b]
V  [jvm.dll+0x6828ca]
V  [jvm.dll+0x67745a]
V  [jvm.dll+0x3243f9]
V  [jvm.dll+0x32ba86]
V  [jvm.dll+0x37e00a]
V  [jvm.dll+0x37e24f]
V  [jvm.dll+0x2fb50a]
V  [jvm.dll+0x2fc581]
V  [jvm.dll+0x7fb300]
V  [jvm.dll+0x38af71]
V  [jvm.dll+0x7dab95]
V  [jvm.dll+0x4058f3]
V  [jvm.dll+0x4072b1]
C  [jli.dll+0x519f]
C  [ucrtbase.dll+0x29333]
C  [KERNEL32.DLL+0x1257d]
C  [ntdll.dll+0x5aa48]


---------------  P R O C E S S  ---------------

Threads class SMR info:
_java_thread_list=0x00007ffe39a89610, length=0, elements={
}

Java Threads: ( => current thread )

Other Threads:
  0x000002a6614cf410 WorkerThread "GC Thread#0" [stack: 0x000000c0ecc00000,0x000000c0ecd00000] [id=4344]
  0x000002a6614e0240 ConcurrentGCThread "G1 Main Marker" [stack: 0x000000c0ecd00000,0x000000c0ece00000] [id=15172]
  0x000002a6614e2480 WorkerThread "G1 Conc#0" [stack: 0x000000c0ece00000,0x000000c0ecf00000] [id=15648]

[error occurred during error reporting (printing all threads), id 0xc0000005, EXCEPTION_ACCESS_VIOLATION (0xc0000005) at pc=0x00007ffe3925c5c7]

VM state: not at safepoint (not fully initialized)

VM Mutex/Monitor currently owned by a thread:  ([mutex/lock_event])
[0x000002a66145bea0] Heap_lock - owner thread: 0x000002a66145d320

Heap address: 0x0000000701000000, size: 4080 MB, Compressed Oops mode: Zero based, Oop shift amount: 3

CDS archive(s) mapped at: [0x0000000000000000-0x0000000000000000-0x0000000000000000), size 0, SharedBaseAddress: 0x0000000800000000, ArchiveRelocationMode: 0.
Narrow klass base: 0x0000000000000000, Narrow klass shift: 0, Narrow klass range: 0x0

GC Precious Log:
 CardTable entry size: 512
 Card Set container configuration: InlinePtr #cards 4 size 8 Array Of Cards #cards 16 size 48 Howl #buckets 8 coarsen threshold 3686 Howl Bitmap #cards 512 size 80 coarsen threshold 460 Card regions per heap region 1 cards per card region 4096

Heap:
 garbage-first heap   total 0K, used 0K [0x0000000701000000, 0x0000000800000000)
  region size 2048K, 0 young (0K), 0 survivors (0K)

[error occurred during error reporting (printing heap information), id 0xc0000005, EXCEPTION_ACCESS_VIOLATION (0xc0000005) at pc=0x00007ffe3962d5a9]

GC Heap History (0 events):
No events

Deoptimization events (0 events):
No events

Classes loaded (0 events):
No events

Classes unloaded (0 events):
No events

Classes redefined (0 events):
No events

Internal exceptions (0 events):
No events

VM Operations (0 events):
No events

Events (1 events):
Event: 0.010 Loaded shared library C:\Users\Laure\.jdks\corretto-18.0.2\bin\java.dll


Dynamic libraries:
0x00007ff7e36b0000 - 0x00007ff7e36bd000 	C:\Users\Laure\.jdks\corretto-18.0.2\bin\java.exe
0x00007ffea18b0000 - 0x00007ffea1ac6000 	C:\WINDOWS\SYSTEM32\ntdll.dll
0x00007ffea0820000 - 0x00007ffea08e4000 	C:\WINDOWS\System32\KERNEL32.DLL
0x00007ffe9ec70000 - 0x00007ffe9f017000 	C:\WINDOWS\System32\KERNELBASE.dll
0x00007ffe9f340000 - 0x00007ffe9f451000 	C:\WINDOWS\System32\ucrtbase.dll
0x00007ffe99aa0000 - 0x00007ffe99ab7000 	C:\Users\Laure\.jdks\corretto-18.0.2\bin\jli.dll
0x00007ffe9fbc0000 - 0x00007ffe9fd6e000 	C:\WINDOWS\System32\USER32.dll
0x00007ffe9be60000 - 0x00007ffe9be75000 	C:\Users\Laure\.jdks\corretto-18.0.2\bin\VCRUNTIME140.dll
0x00007ffe9f460000 - 0x00007ffe9f486000 	C:\WINDOWS\System32\win32u.dll
0x00007ffe9f5e0000 - 0x00007ffe9f609000 	C:\WINDOWS\System32\GDI32.dll
0x00007ffe94810000 - 0x00007ffe94aa3000 	C:\WINDOWS\WinSxS\amd64_microsoft.windows.common-controls_6595b64144ccf1df_6.0.22621.3235_none_270f74e173860f98\COMCTL32.dll
0x00007ffe9f490000 - 0x00007ffe9f5a9000 	C:\WINDOWS\System32\gdi32full.dll
0x00007ffe9ebd0000 - 0x00007ffe9ec6a000 	C:\WINDOWS\System32\msvcp_win.dll
0x00007ffe9f890000 - 0x00007ffe9f937000 	C:\WINDOWS\System32\msvcrt.dll
0x00007ffea0b10000 - 0x00007ffea0b41000 	C:\WINDOWS\System32\IMM32.DLL
0x00007ffe91d00000 - 0x00007ffe91d9b000 	C:\Users\Laure\.jdks\corretto-18.0.2\bin\msvcp140.dll
0x00007ffe38f50000 - 0x00007ffe39bc1000 	C:\Users\Laure\.jdks\corretto-18.0.2\bin\server\jvm.dll
0x00007ffe9fa70000 - 0x00007ffe9fb22000 	C:\WINDOWS\System32\ADVAPI32.dll
0x00007ffe9f9c0000 - 0x00007ffe9fa68000 	C:\WINDOWS\System32\sechost.dll
0x00007ffe9f5b0000 - 0x00007ffe9f5d8000 	C:\WINDOWS\System32\bcrypt.dll
0x00007ffea15a0000 - 0x00007ffea16b5000 	C:\WINDOWS\System32\RPCRT4.dll
0x00007ffea10f0000 - 0x00007ffea10f8000 	C:\WINDOWS\System32\PSAPI.DLL
0x00007ffe9be50000 - 0x00007ffe9be59000 	C:\WINDOWS\SYSTEM32\WSOCK32.dll
0x00007ffea1170000 - 0x00007ffea11e1000 	C:\WINDOWS\System32\WS2_32.dll
0x00007ffe977e0000 - 0x00007ffe977ea000 	C:\WINDOWS\SYSTEM32\VERSION.dll
0x00007ffe92860000 - 0x00007ffe92894000 	C:\WINDOWS\SYSTEM32\WINMM.dll
0x00007ffe9dc80000 - 0x00007ffe9dc98000 	C:\WINDOWS\SYSTEM32\kernel.appcore.dll
0x00007ffe9c240000 - 0x00007ffe9c24a000 	C:\Users\Laure\.jdks\corretto-18.0.2\bin\jimage.dll
0x00007ffe91da0000 - 0x00007ffe91fd3000 	C:\WINDOWS\SYSTEM32\DBGHELP.DLL
0x00007ffea11f0000 - 0x00007ffea1578000 	C:\WINDOWS\System32\combase.dll
0x00007ffe9fd70000 - 0x00007ffe9fe47000 	C:\WINDOWS\System32\OLEAUT32.dll
0x00007ffe836e0000 - 0x00007ffe83712000 	C:\WINDOWS\SYSTEM32\dbgcore.DLL
0x00007ffe9f200000 - 0x00007ffe9f279000 	C:\WINDOWS\System32\bcryptPrimitives.dll
0x00007ffe9bf20000 - 0x00007ffe9bf2e000 	C:\Users\Laure\.jdks\corretto-18.0.2\bin\instrument.dll
0x00007ffe97fd0000 - 0x00007ffe97ff5000 	C:\Users\Laure\.jdks\corretto-18.0.2\bin\java.dll

dbghelp: loaded successfully - version: 4.0.5 - missing functions: none
symbol engine: initialized successfully - sym options: 0x614 - pdb path: .;C:\Users\Laure\.jdks\corretto-18.0.2\bin;C:\WINDOWS\SYSTEM32;C:\WINDOWS\WinSxS\amd64_microsoft.windows.common-controls_6595b64144ccf1df_6.0.22621.3235_none_270f74e173860f98;C:\Users\Laure\.jdks\corretto-18.0.2\bin\server

VM Arguments:
jvm_args: -javaagent:C:\Program Files\JetBrains\IntelliJ IDEA 2023.2.5\lib\idea_rt.jar=63977:C:\Program Files\JetBrains\IntelliJ IDEA 2023.2.5\bin -Dfile.encoding=UTF-8 -Dsun.stdout.encoding=UTF-8 -Dsun.stderr.encoding=UTF-8 
java_command: Main
java_class_path (initial): G:\Mi unidad\Classroom\Programación 1º DAM\TiendaDAO\out\production\TiendaDAO;G:\Mi unidad\Classroom\Programación 1º DAM\TiendaDAO\src\libreria\mysql-connector-j-8.4.0.jar
Launcher Type: SUN_STANDARD

[Global flags]
     intx CICompilerCount                          = 3                                         {product} {ergonomic}
     uint ConcGCThreads                            = 2                                         {product} {ergonomic}
     uint G1ConcRefinementThreads                  = 6                                         {product} {ergonomic}
   size_t G1HeapRegionSize                         = 2097152                                   {product} {ergonomic}
    uintx GCDrainStackTargetSize                   = 64                                        {product} {ergonomic}
   size_t InitialHeapSize                          = 268435456                                 {product} {ergonomic}
   size_t MarkStackSize                            = 4194304                                   {product} {ergonomic}
   size_t MaxHeapSize                              = 4278190080                                {product} {ergonomic}
   size_t MinHeapDeltaBytes                        = 2097152                                   {product} {ergonomic}
   size_t MinHeapSize                              = 8388608                                   {product} {ergonomic}
    uintx NonNMethodCodeHeapSize                   = 5832780                                {pd product} {ergonomic}
    uintx NonProfiledCodeHeapSize                  = 122912730                              {pd product} {ergonomic}
    uintx ProfiledCodeHeapSize                     = 122912730                              {pd product} {ergonomic}
    uintx ReservedCodeCacheSize                    = 251658240                              {pd product} {ergonomic}
     bool SegmentedCodeCache                       = true                                      {product} {ergonomic}
   size_t SoftMaxHeapSize                          = 4278190080                             {manageable} {ergonomic}
     bool UseCompressedClassPointers               = true                           {product lp64_product} {ergonomic}
     bool UseCompressedOops                        = true                           {product lp64_product} {ergonomic}
     bool UseG1GC                                  = true                                      {product} {ergonomic}
     bool UseLargePagesIndividualAllocation        = false                                  {pd product} {ergonomic}

Logging:
Log output configuration:
 #0: stdout all=warning uptime,level,tags foldmultilines=false
 #1: stderr all=off uptime,level,tags foldmultilines=false

Environment Variables:
PATH=C:\Program Files\Common Files\Oracle\Java\javapath;C:\WINDOWS\system32;C:\WINDOWS;C:\WINDOWS\System32\Wbem;C:\WINDOWS\System32\WindowsPowerShell\v1.0\;C:\WINDOWS\System32\OpenSSH\;C:\Program Files (x86)\NVIDIA Corporation\PhysX\Common;C:\Program Files\NVIDIA Corporation\NVIDIA NvDLISR;C:\Program Files\Git\cmd;E:\basex\bin;C:\Program Files\MySQL\MySQL Shell 8.0\bin\;C:\Users\Laure\AppData\Local\Microsoft\WindowsApps;;C:\Users\Laure\AppData\Local\Programs\Microsoft VS Code\bin;C:\Program Files (x86)\Brackets\;D:\Microsoft VS Code\bin
USERNAME=Laure
OS=Windows_NT
PROCESSOR_IDENTIFIER=Intel64 Family 6 Model 158 Stepping 10, GenuineIntel



---------------  S Y S T E M  ---------------

OS:
 Windows 11 , 64 bit Build 22621 (10.0.22621.3374)
OS uptime: 1 days 5:20 hours

CPU: total 6 (initial active 6) (6 cores per cpu, 1 threads per core) family 6 model 158 stepping 10 microcode 0xde, cx8, cmov, fxsr, mmx, 3dnowpref, sse, sse2, sse3, ssse3, sse4.1, sse4.2, popcnt, lzcnt, tsc, tscinvbit, avx, avx2, aes, erms, clmul, bmi1, bmi2, adx, fma, vzeroupper, clflush, clflushopt

Memory: 4k page, system-wide physical 16318M (7958M free)
TotalPageFile size 20414M (AvailPageFile size 232M)
current process WorkingSet (physical memory assigned to process): 12M, peak: 12M
current process commit charge ("private bytes"): 56M, peak: 312M

vm_info: OpenJDK 64-Bit Server VM (18.0.2+9-FR) for windows-amd64 JRE (18.0.2+9-FR), built on Jul 15 2022 20:03:03 by "Administrator" with MS VC++ 15.9 (VS2017)

END.
